CRITICAL - 2023-05-25 00:04:12 --> Undefined variable $provincias
in APPPATH\Views\pages\usuario\registro.php on line 33.
 1 APPPATH\Views\pages\usuario\registro.php(33): CodeIgniter\Debug\Exceptions->errorHandler(2, 'Undefined variable $provincias', 'C:\\xampp\\htdocs\\proyecto_munoz_leandro\\app\\Views\\pages\\usuario\\registro.php', 33)
 2 SYSTEMPATH\View\View.php(213): include('C:\\xampp\\htdocs\\proyecto_munoz_leandro\\app\\Views\\pages\\usuario\\registro.php')
 3 SYSTEMPATH\View\View.php(216): CodeIgniter\View\View->CodeIgniter\View\{closure}()
 4 SYSTEMPATH\Common.php(1184): CodeIgniter\View\View->render('pages/usuario/registro', [], true)
 5 APPPATH\Controllers\ProductoController.php(109): view('pages/usuario/registro')
 6 SYSTEMPATH\CodeIgniter.php(934): App\Controllers\ProductoController->agregar()
 7 SYSTEMPATH\CodeIgniter.php(499): CodeIgniter\CodeIgniter->runController(Object(App\Controllers\ProductoController))
 8 SYSTEMPATH\CodeIgniter.php(368): CodeIgniter\CodeIgniter->handleRequest(null, Object(Config\Cache), false)
 9 FCPATH\index.php(67): CodeIgniter\CodeIgniter->run()
CRITICAL - 2023-05-25 00:05:05 --> Undefined variable $provincias
in APPPATH\Views\pages\usuario\registro.php on line 33.
 1 APPPATH\Views\pages\usuario\registro.php(33): CodeIgniter\Debug\Exceptions->errorHandler(2, 'Undefined variable $provincias', 'C:\\xampp\\htdocs\\proyecto_munoz_leandro\\app\\Views\\pages\\usuario\\registro.php', 33)
 2 SYSTEMPATH\View\View.php(213): include('C:\\xampp\\htdocs\\proyecto_munoz_leandro\\app\\Views\\pages\\usuario\\registro.php')
 3 SYSTEMPATH\View\View.php(216): CodeIgniter\View\View->CodeIgniter\View\{closure}()
 4 SYSTEMPATH\Common.php(1184): CodeIgniter\View\View->render('pages/usuario/registro', [], true)
 5 APPPATH\Controllers\ProductoController.php(109): view('pages/usuario/registro')
 6 SYSTEMPATH\CodeIgniter.php(934): App\Controllers\ProductoController->agregar()
 7 SYSTEMPATH\CodeIgniter.php(499): CodeIgniter\CodeIgniter->runController(Object(App\Controllers\ProductoController))
 8 SYSTEMPATH\CodeIgniter.php(368): CodeIgniter\CodeIgniter->handleRequest(null, Object(Config\Cache), false)
 9 FCPATH\index.php(67): CodeIgniter\CodeIgniter->run()
CRITICAL - 2023-05-25 00:05:24 --> Undefined variable $provincias
in APPPATH\Views\pages\usuario\registro.php on line 33.
 1 APPPATH\Views\pages\usuario\registro.php(33): CodeIgniter\Debug\Exceptions->errorHandler(2, 'Undefined variable $provincias', 'C:\\xampp\\htdocs\\proyecto_munoz_leandro\\app\\Views\\pages\\usuario\\registro.php', 33)
 2 SYSTEMPATH\View\View.php(213): include('C:\\xampp\\htdocs\\proyecto_munoz_leandro\\app\\Views\\pages\\usuario\\registro.php')
 3 SYSTEMPATH\View\View.php(216): CodeIgniter\View\View->CodeIgniter\View\{closure}()
 4 SYSTEMPATH\Common.php(1184): CodeIgniter\View\View->render('pages/usuario/registro', [], true)
 5 APPPATH\Controllers\ProductoController.php(109): view('pages/usuario/registro')
 6 SYSTEMPATH\CodeIgniter.php(934): App\Controllers\ProductoController->agregar()
 7 SYSTEMPATH\CodeIgniter.php(499): CodeIgniter\CodeIgniter->runController(Object(App\Controllers\ProductoController))
 8 SYSTEMPATH\CodeIgniter.php(368): CodeIgniter\CodeIgniter->handleRequest(null, Object(Config\Cache), false)
 9 FCPATH\index.php(67): CodeIgniter\CodeIgniter->run()
CRITICAL - 2023-05-25 00:05:43 --> Undefined variable $provincias
in APPPATH\Views\pages\usuario\registro.php on line 33.
 1 APPPATH\Views\pages\usuario\registro.php(33): CodeIgniter\Debug\Exceptions->errorHandler(2, 'Undefined variable $provincias', 'C:\\xampp\\htdocs\\proyecto_munoz_leandro\\app\\Views\\pages\\usuario\\registro.php', 33)
 2 SYSTEMPATH\View\View.php(213): include('C:\\xampp\\htdocs\\proyecto_munoz_leandro\\app\\Views\\pages\\usuario\\registro.php')
 3 SYSTEMPATH\View\View.php(216): CodeIgniter\View\View->CodeIgniter\View\{closure}()
 4 SYSTEMPATH\Common.php(1184): CodeIgniter\View\View->render('pages/usuario/registro', [], true)
 5 APPPATH\Controllers\ProductoController.php(109): view('pages/usuario/registro')
 6 SYSTEMPATH\CodeIgniter.php(934): App\Controllers\ProductoController->agregar()
 7 SYSTEMPATH\CodeIgniter.php(499): CodeIgniter\CodeIgniter->runController(Object(App\Controllers\ProductoController))
 8 SYSTEMPATH\CodeIgniter.php(368): CodeIgniter\CodeIgniter->handleRequest(null, Object(Config\Cache), false)
 9 FCPATH\index.php(67): CodeIgniter\CodeIgniter->run()
