CRITICAL - 2023-05-16 16:14:39 --> Cannot use object of type mysqli as array
in APPPATH\Views\pages\tienda.php on line 8.
 1 SYSTEMPATH\View\View.php(213): include()
 2 SYSTEMPATH\View\View.php(216): CodeIgniter\View\View->CodeIgniter\View\{closure}()
 3 SYSTEMPATH\Common.php(1184): CodeIgniter\View\View->render('pages/tienda', [], true)
 4 APPPATH\Controllers\Home.php(28): view('pages/tienda')
 5 SYSTEMPATH\CodeIgniter.php(934): App\Controllers\Home->tienda()
 6 SYSTEMPATH\CodeIgniter.php(499): CodeIgniter\CodeIgniter->runController(Object(App\Controllers\Home))
 7 SYSTEMPATH\CodeIgniter.php(368): CodeIgniter\CodeIgniter->handleRequest(null, Object(Config\Cache), false)
 8 FCPATH\index.php(67): CodeIgniter\CodeIgniter->run()
CRITICAL - 2023-05-16 16:15:21 --> Object of class CodeIgniter\Database\MySQLi\Result could not be converted to string
in APPPATH\Views\pages\tienda.php on line 7.
 1 SYSTEMPATH\View\View.php(213): include()
 2 SYSTEMPATH\View\View.php(216): CodeIgniter\View\View->CodeIgniter\View\{closure}()
 3 SYSTEMPATH\Common.php(1184): CodeIgniter\View\View->render('pages/tienda', [], true)
 4 APPPATH\Controllers\Home.php(28): view('pages/tienda')
 5 SYSTEMPATH\CodeIgniter.php(934): App\Controllers\Home->tienda()
 6 SYSTEMPATH\CodeIgniter.php(499): CodeIgniter\CodeIgniter->runController(Object(App\Controllers\Home))
 7 SYSTEMPATH\CodeIgniter.php(368): CodeIgniter\CodeIgniter->handleRequest(null, Object(Config\Cache), false)
 8 FCPATH\index.php(67): CodeIgniter\CodeIgniter->run()
CRITICAL - 2023-05-16 16:15:59 --> Undefined variable $id
in APPPATH\Views\pages\tienda.php on line 8.
 1 APPPATH\Views\pages\tienda.php(8): CodeIgniter\Debug\Exceptions->errorHandler(2, 'Undefined variable $id', 'C:\\xampp\\htdocs\\proyecto_munoz_leandro\\app\\Views\\pages\\tienda.php', 8)
 2 SYSTEMPATH\View\View.php(213): include('C:\\xampp\\htdocs\\proyecto_munoz_leandro\\app\\Views\\pages\\tienda.php')
 3 SYSTEMPATH\View\View.php(216): CodeIgniter\View\View->CodeIgniter\View\{closure}()
 4 SYSTEMPATH\Common.php(1184): CodeIgniter\View\View->render('pages/tienda', [], true)
 5 APPPATH\Controllers\Home.php(28): view('pages/tienda')
 6 SYSTEMPATH\CodeIgniter.php(934): App\Controllers\Home->tienda()
 7 SYSTEMPATH\CodeIgniter.php(499): CodeIgniter\CodeIgniter->runController(Object(App\Controllers\Home))
 8 SYSTEMPATH\CodeIgniter.php(368): CodeIgniter\CodeIgniter->handleRequest(null, Object(Config\Cache), false)
 9 FCPATH\index.php(67): CodeIgniter\CodeIgniter->run()
CRITICAL - 2023-05-16 16:16:28 --> Object of class mysqli could not be converted to string
in APPPATH\Views\pages\tienda.php on line 8.
 1 SYSTEMPATH\View\View.php(213): include()
 2 SYSTEMPATH\View\View.php(216): CodeIgniter\View\View->CodeIgniter\View\{closure}()
 3 SYSTEMPATH\Common.php(1184): CodeIgniter\View\View->render('pages/tienda', [], true)
 4 APPPATH\Controllers\Home.php(28): view('pages/tienda')
 5 SYSTEMPATH\CodeIgniter.php(934): App\Controllers\Home->tienda()
 6 SYSTEMPATH\CodeIgniter.php(499): CodeIgniter\CodeIgniter->runController(Object(App\Controllers\Home))
 7 SYSTEMPATH\CodeIgniter.php(368): CodeIgniter\CodeIgniter->handleRequest(null, Object(Config\Cache), false)
 8 FCPATH\index.php(67): CodeIgniter\CodeIgniter->run()
CRITICAL - 2023-05-16 16:28:37 --> Undefined variable $localidad
in APPPATH\Views\pages\tienda.php on line 17.
 1 APPPATH\Views\pages\tienda.php(17): CodeIgniter\Debug\Exceptions->errorHandler(2, 'Undefined variable $localidad', 'C:\\xampp\\htdocs\\proyecto_munoz_leandro\\app\\Views\\pages\\tienda.php', 17)
 2 SYSTEMPATH\View\View.php(213): include('C:\\xampp\\htdocs\\proyecto_munoz_leandro\\app\\Views\\pages\\tienda.php')
 3 SYSTEMPATH\View\View.php(216): CodeIgniter\View\View->CodeIgniter\View\{closure}()
 4 SYSTEMPATH\Common.php(1184): CodeIgniter\View\View->render('pages/tienda', [], true)
 5 APPPATH\Controllers\Home.php(28): view('pages/tienda')
 6 SYSTEMPATH\CodeIgniter.php(934): App\Controllers\Home->tienda()
 7 SYSTEMPATH\CodeIgniter.php(499): CodeIgniter\CodeIgniter->runController(Object(App\Controllers\Home))
 8 SYSTEMPATH\CodeIgniter.php(368): CodeIgniter\CodeIgniter->handleRequest(null, Object(Config\Cache), false)
 9 FCPATH\index.php(67): CodeIgniter\CodeIgniter->run()
CRITICAL - 2023-05-16 16:32:17 --> Undefined property: stdClass::$localidad
in APPPATH\Views\pages\tienda.php on line 21.
 1 APPPATH\Views\pages\tienda.php(21): CodeIgniter\Debug\Exceptions->errorHandler(2, 'Undefined property: stdClass::$localidad', 'C:\\xampp\\htdocs\\proyecto_munoz_leandro\\app\\Views\\pages\\tienda.php', 21)
 2 SYSTEMPATH\View\View.php(213): include('C:\\xampp\\htdocs\\proyecto_munoz_leandro\\app\\Views\\pages\\tienda.php')
 3 SYSTEMPATH\View\View.php(216): CodeIgniter\View\View->CodeIgniter\View\{closure}()
 4 SYSTEMPATH\Common.php(1184): CodeIgniter\View\View->render('pages/tienda', [], true)
 5 APPPATH\Controllers\Home.php(28): view('pages/tienda')
 6 SYSTEMPATH\CodeIgniter.php(934): App\Controllers\Home->tienda()
 7 SYSTEMPATH\CodeIgniter.php(499): CodeIgniter\CodeIgniter->runController(Object(App\Controllers\Home))
 8 SYSTEMPATH\CodeIgniter.php(368): CodeIgniter\CodeIgniter->handleRequest(null, Object(Config\Cache), false)
 9 FCPATH\index.php(67): CodeIgniter\CodeIgniter->run()
CRITICAL - 2023-05-16 16:52:00 --> Undefined property: mysqli::$id
in APPPATH\Views\pages\tienda.php on line 20.
 1 APPPATH\Views\pages\tienda.php(20): CodeIgniter\Debug\Exceptions->errorHandler(2, 'Undefined property: mysqli::$id', 'C:\\xampp\\htdocs\\proyecto_munoz_leandro\\app\\Views\\pages\\tienda.php', 20)
 2 SYSTEMPATH\View\View.php(213): include('C:\\xampp\\htdocs\\proyecto_munoz_leandro\\app\\Views\\pages\\tienda.php')
 3 SYSTEMPATH\View\View.php(216): CodeIgniter\View\View->CodeIgniter\View\{closure}()
 4 SYSTEMPATH\Common.php(1184): CodeIgniter\View\View->render('pages/tienda', [], true)
 5 APPPATH\Controllers\Home.php(28): view('pages/tienda')
 6 SYSTEMPATH\CodeIgniter.php(934): App\Controllers\Home->tienda()
 7 SYSTEMPATH\CodeIgniter.php(499): CodeIgniter\CodeIgniter->runController(Object(App\Controllers\Home))
 8 SYSTEMPATH\CodeIgniter.php(368): CodeIgniter\CodeIgniter->handleRequest(null, Object(Config\Cache), false)
 9 FCPATH\index.php(67): CodeIgniter\CodeIgniter->run()
CRITICAL - 2023-05-16 16:57:30 --> Undefined property: stdClass::$provincia
in APPPATH\Views\pages\tienda.php on line 22.
 1 APPPATH\Views\pages\tienda.php(22): CodeIgniter\Debug\Exceptions->errorHandler(2, 'Undefined property: stdClass::$provincia', 'C:\\xampp\\htdocs\\proyecto_munoz_leandro\\app\\Views\\pages\\tienda.php', 22)
 2 SYSTEMPATH\View\View.php(213): include('C:\\xampp\\htdocs\\proyecto_munoz_leandro\\app\\Views\\pages\\tienda.php')
 3 SYSTEMPATH\View\View.php(216): CodeIgniter\View\View->CodeIgniter\View\{closure}()
 4 SYSTEMPATH\Common.php(1184): CodeIgniter\View\View->render('pages/tienda', [], true)
 5 APPPATH\Controllers\Home.php(28): view('pages/tienda')
 6 SYSTEMPATH\CodeIgniter.php(934): App\Controllers\Home->tienda()
 7 SYSTEMPATH\CodeIgniter.php(499): CodeIgniter\CodeIgniter->runController(Object(App\Controllers\Home))
 8 SYSTEMPATH\CodeIgniter.php(368): CodeIgniter\CodeIgniter->handleRequest(null, Object(Config\Cache), false)
 9 FCPATH\index.php(67): CodeIgniter\CodeIgniter->run()
CRITICAL - 2023-05-16 17:01:32 --> Array to string conversion
in APPPATH\Views\pages\tienda.php on line 10.
 1 APPPATH\Views\pages\tienda.php(10): CodeIgniter\Debug\Exceptions->errorHandler(2, 'Array to string conversion', 'C:\\xampp\\htdocs\\proyecto_munoz_leandro\\app\\Views\\pages\\tienda.php', 10)
 2 SYSTEMPATH\View\View.php(213): include('C:\\xampp\\htdocs\\proyecto_munoz_leandro\\app\\Views\\pages\\tienda.php')
 3 SYSTEMPATH\View\View.php(216): CodeIgniter\View\View->CodeIgniter\View\{closure}()
 4 SYSTEMPATH\Common.php(1184): CodeIgniter\View\View->render('pages/tienda', [], true)
 5 APPPATH\Controllers\Home.php(28): view('pages/tienda')
 6 SYSTEMPATH\CodeIgniter.php(934): App\Controllers\Home->tienda()
 7 SYSTEMPATH\CodeIgniter.php(499): CodeIgniter\CodeIgniter->runController(Object(App\Controllers\Home))
 8 SYSTEMPATH\CodeIgniter.php(368): CodeIgniter\CodeIgniter->handleRequest(null, Object(Config\Cache), false)
 9 FCPATH\index.php(67): CodeIgniter\CodeIgniter->run()
CRITICAL - 2023-05-16 17:02:40 --> Attempt to read property "id" on array
in APPPATH\Views\pages\tienda.php on line 11.
 1 APPPATH\Views\pages\tienda.php(11): CodeIgniter\Debug\Exceptions->errorHandler(2, 'Attempt to read property "id" on array', 'C:\\xampp\\htdocs\\proyecto_munoz_leandro\\app\\Views\\pages\\tienda.php', 11)
 2 SYSTEMPATH\View\View.php(213): include('C:\\xampp\\htdocs\\proyecto_munoz_leandro\\app\\Views\\pages\\tienda.php')
 3 SYSTEMPATH\View\View.php(216): CodeIgniter\View\View->CodeIgniter\View\{closure}()
 4 SYSTEMPATH\Common.php(1184): CodeIgniter\View\View->render('pages/tienda', [], true)
 5 APPPATH\Controllers\Home.php(28): view('pages/tienda')
 6 SYSTEMPATH\CodeIgniter.php(934): App\Controllers\Home->tienda()
 7 SYSTEMPATH\CodeIgniter.php(499): CodeIgniter\CodeIgniter->runController(Object(App\Controllers\Home))
 8 SYSTEMPATH\CodeIgniter.php(368): CodeIgniter\CodeIgniter->handleRequest(null, Object(Config\Cache), false)
 9 FCPATH\index.php(67): CodeIgniter\CodeIgniter->run()
CRITICAL - 2023-05-16 17:02:59 --> Undefined array key "id"
in APPPATH\Views\pages\tienda.php on line 11.
 1 APPPATH\Views\pages\tienda.php(11): CodeIgniter\Debug\Exceptions->errorHandler(2, 'Undefined array key "id"', 'C:\\xampp\\htdocs\\proyecto_munoz_leandro\\app\\Views\\pages\\tienda.php', 11)
 2 SYSTEMPATH\View\View.php(213): include('C:\\xampp\\htdocs\\proyecto_munoz_leandro\\app\\Views\\pages\\tienda.php')
 3 SYSTEMPATH\View\View.php(216): CodeIgniter\View\View->CodeIgniter\View\{closure}()
 4 SYSTEMPATH\Common.php(1184): CodeIgniter\View\View->render('pages/tienda', [], true)
 5 APPPATH\Controllers\Home.php(28): view('pages/tienda')
 6 SYSTEMPATH\CodeIgniter.php(934): App\Controllers\Home->tienda()
 7 SYSTEMPATH\CodeIgniter.php(499): CodeIgniter\CodeIgniter->runController(Object(App\Controllers\Home))
 8 SYSTEMPATH\CodeIgniter.php(368): CodeIgniter\CodeIgniter->handleRequest(null, Object(Config\Cache), false)
 9 FCPATH\index.php(67): CodeIgniter\CodeIgniter->run()
CRITICAL - 2023-05-16 17:04:05 --> Undefined property: stdClass::$provincia
in APPPATH\Views\pages\tienda.php on line 26.
 1 APPPATH\Views\pages\tienda.php(26): CodeIgniter\Debug\Exceptions->errorHandler(2, 'Undefined property: stdClass::$provincia', 'C:\\xampp\\htdocs\\proyecto_munoz_leandro\\app\\Views\\pages\\tienda.php', 26)
 2 SYSTEMPATH\View\View.php(213): include('C:\\xampp\\htdocs\\proyecto_munoz_leandro\\app\\Views\\pages\\tienda.php')
 3 SYSTEMPATH\View\View.php(216): CodeIgniter\View\View->CodeIgniter\View\{closure}()
 4 SYSTEMPATH\Common.php(1184): CodeIgniter\View\View->render('pages/tienda', [], true)
 5 APPPATH\Controllers\Home.php(28): view('pages/tienda')
 6 SYSTEMPATH\CodeIgniter.php(934): App\Controllers\Home->tienda()
 7 SYSTEMPATH\CodeIgniter.php(499): CodeIgniter\CodeIgniter->runController(Object(App\Controllers\Home))
 8 SYSTEMPATH\CodeIgniter.php(368): CodeIgniter\CodeIgniter->handleRequest(null, Object(Config\Cache), false)
 9 FCPATH\index.php(67): CodeIgniter\CodeIgniter->run()
CRITICAL - 2023-05-16 17:04:26 --> Undefined variable $localidad
in APPPATH\Views\pages\tienda.php on line 25.
 1 APPPATH\Views\pages\tienda.php(25): CodeIgniter\Debug\Exceptions->errorHandler(2, 'Undefined variable $localidad', 'C:\\xampp\\htdocs\\proyecto_munoz_leandro\\app\\Views\\pages\\tienda.php', 25)
 2 SYSTEMPATH\View\View.php(213): include('C:\\xampp\\htdocs\\proyecto_munoz_leandro\\app\\Views\\pages\\tienda.php')
 3 SYSTEMPATH\View\View.php(216): CodeIgniter\View\View->CodeIgniter\View\{closure}()
 4 SYSTEMPATH\Common.php(1184): CodeIgniter\View\View->render('pages/tienda', [], true)
 5 APPPATH\Controllers\Home.php(28): view('pages/tienda')
 6 SYSTEMPATH\CodeIgniter.php(934): App\Controllers\Home->tienda()
 7 SYSTEMPATH\CodeIgniter.php(499): CodeIgniter\CodeIgniter->runController(Object(App\Controllers\Home))
 8 SYSTEMPATH\CodeIgniter.php(368): CodeIgniter\CodeIgniter->handleRequest(null, Object(Config\Cache), false)
 9 FCPATH\index.php(67): CodeIgniter\CodeIgniter->run()
ERROR - 2023-05-16 17:10:56 --> mysqli_sql_exception: Operand should contain 1 column(s) in C:\xampp\htdocs\proyecto_munoz_leandro\system\Database\MySQLi\Connection.php:295
Stack trace:
#0 C:\xampp\htdocs\proyecto_munoz_leandro\system\Database\MySQLi\Connection.php(295): mysqli->query('SELECT (SELECT ...', 0)
#1 C:\xampp\htdocs\proyecto_munoz_leandro\system\Database\BaseConnection.php(691): CodeIgniter\Database\MySQLi\Connection->execute('SELECT (SELECT ...')
#2 C:\xampp\htdocs\proyecto_munoz_leandro\system\Database\BaseConnection.php(605): CodeIgniter\Database\BaseConnection->simpleQuery('SELECT (SELECT ...')
#3 C:\xampp\htdocs\proyecto_munoz_leandro\system\Database\BaseBuilder.php(1616): CodeIgniter\Database\BaseConnection->query('SELECT (SELECT ...', Array, false)
#4 C:\xampp\htdocs\proyecto_munoz_leandro\app\Views\pages\tienda.php(7): CodeIgniter\Database\BaseBuilder->get()
#5 C:\xampp\htdocs\proyecto_munoz_leandro\system\View\View.php(213): include('C:\\xampp\\htdocs...')
#6 C:\xampp\htdocs\proyecto_munoz_leandro\system\View\View.php(216): CodeIgniter\View\View->CodeIgniter\View\{closure}()
#7 C:\xampp\htdocs\proyecto_munoz_leandro\system\Common.php(1184): CodeIgniter\View\View->render('pages/tienda', Array, true)
#8 C:\xampp\htdocs\proyecto_munoz_leandro\app\Controllers\Home.php(28): view('pages/tienda')
#9 C:\xampp\htdocs\proyecto_munoz_leandro\system\CodeIgniter.php(934): App\Controllers\Home->tienda()
#10 C:\xampp\htdocs\proyecto_munoz_leandro\system\CodeIgniter.php(499): CodeIgniter\CodeIgniter->runController(Object(App\Controllers\Home))
#11 C:\xampp\htdocs\proyecto_munoz_leandro\system\CodeIgniter.php(368): CodeIgniter\CodeIgniter->handleRequest(NULL, Object(Config\Cache), false)
#12 C:\xampp\htdocs\proyecto_munoz_leandro\index.php(67): CodeIgniter\CodeIgniter->run()
#13 {main}
CRITICAL - 2023-05-16 17:10:56 --> Operand should contain 1 column(s)
in SYSTEMPATH\Database\MySQLi\Connection.php on line 295.
 1 SYSTEMPATH\Database\MySQLi\Connection.php(295): mysqli->query('SELECT (SELECT * FROM `provincias` WHERE `id` = 10) `provincia`
FROM `localidades`', 0)
 2 SYSTEMPATH\Database\BaseConnection.php(691): CodeIgniter\Database\MySQLi\Connection->execute('SELECT (SELECT * FROM `provincias` WHERE `id` = 10) `provincia`
FROM `localidades`')
 3 SYSTEMPATH\Database\BaseConnection.php(605): CodeIgniter\Database\BaseConnection->simpleQuery('SELECT (SELECT * FROM `provincias` WHERE `id` = 10) `provincia`
FROM `localidades`')
 4 SYSTEMPATH\Database\BaseBuilder.php(1616): CodeIgniter\Database\BaseConnection->query('SELECT (SELECT * FROM `provincias` WHERE `id` = 10) `provincia`
FROM `localidades`', [], false)
 5 APPPATH\Views\pages\tienda.php(7): CodeIgniter\Database\BaseBuilder->get()
 6 SYSTEMPATH\View\View.php(213): include('C:\\xampp\\htdocs\\proyecto_munoz_leandro\\app\\Views\\pages\\tienda.php')
 7 SYSTEMPATH\View\View.php(216): CodeIgniter\View\View->CodeIgniter\View\{closure}()
 8 SYSTEMPATH\Common.php(1184): CodeIgniter\View\View->render('pages/tienda', [], true)
 9 APPPATH\Controllers\Home.php(28): view('pages/tienda')
10 SYSTEMPATH\CodeIgniter.php(934): App\Controllers\Home->tienda()
11 SYSTEMPATH\CodeIgniter.php(499): CodeIgniter\CodeIgniter->runController(Object(App\Controllers\Home))
12 SYSTEMPATH\CodeIgniter.php(368): CodeIgniter\CodeIgniter->handleRequest(null, Object(Config\Cache), false)
13 FCPATH\index.php(67): CodeIgniter\CodeIgniter->run()
ERROR - 2023-05-16 17:20:10 --> mysqli_sql_exception: Operand should contain 1 column(s) in C:\xampp\htdocs\proyecto_munoz_leandro\system\Database\MySQLi\Connection.php:295
Stack trace:
#0 C:\xampp\htdocs\proyecto_munoz_leandro\system\Database\MySQLi\Connection.php(295): mysqli->query('SELECT *, (SELE...', 0)
#1 C:\xampp\htdocs\proyecto_munoz_leandro\system\Database\BaseConnection.php(691): CodeIgniter\Database\MySQLi\Connection->execute('SELECT *, (SELE...')
#2 C:\xampp\htdocs\proyecto_munoz_leandro\system\Database\BaseConnection.php(605): CodeIgniter\Database\BaseConnection->simpleQuery('SELECT *, (SELE...')
#3 C:\xampp\htdocs\proyecto_munoz_leandro\system\Database\BaseBuilder.php(1616): CodeIgniter\Database\BaseConnection->query('SELECT *, (SELE...', Array, false)
#4 C:\xampp\htdocs\proyecto_munoz_leandro\app\Views\pages\tienda.php(7): CodeIgniter\Database\BaseBuilder->get()
#5 C:\xampp\htdocs\proyecto_munoz_leandro\system\View\View.php(213): include('C:\\xampp\\htdocs...')
#6 C:\xampp\htdocs\proyecto_munoz_leandro\system\View\View.php(216): CodeIgniter\View\View->CodeIgniter\View\{closure}()
#7 C:\xampp\htdocs\proyecto_munoz_leandro\system\Common.php(1184): CodeIgniter\View\View->render('pages/tienda', Array, true)
#8 C:\xampp\htdocs\proyecto_munoz_leandro\app\Controllers\Home.php(28): view('pages/tienda')
#9 C:\xampp\htdocs\proyecto_munoz_leandro\system\CodeIgniter.php(934): App\Controllers\Home->tienda()
#10 C:\xampp\htdocs\proyecto_munoz_leandro\system\CodeIgniter.php(499): CodeIgniter\CodeIgniter->runController(Object(App\Controllers\Home))
#11 C:\xampp\htdocs\proyecto_munoz_leandro\system\CodeIgniter.php(368): CodeIgniter\CodeIgniter->handleRequest(NULL, Object(Config\Cache), false)
#12 C:\xampp\htdocs\proyecto_munoz_leandro\index.php(67): CodeIgniter\CodeIgniter->run()
#13 {main}
CRITICAL - 2023-05-16 17:20:10 --> Operand should contain 1 column(s)
in SYSTEMPATH\Database\MySQLi\Connection.php on line 295.
 1 SYSTEMPATH\Database\MySQLi\Connection.php(295): mysqli->query('SELECT *, (SELECT * FROM `provincias` WHERE `id` = 10) `provincia`
FROM `localidades`', 0)
 2 SYSTEMPATH\Database\BaseConnection.php(691): CodeIgniter\Database\MySQLi\Connection->execute('SELECT *, (SELECT * FROM `provincias` WHERE `id` = 10) `provincia`
FROM `localidades`')
 3 SYSTEMPATH\Database\BaseConnection.php(605): CodeIgniter\Database\BaseConnection->simpleQuery('SELECT *, (SELECT * FROM `provincias` WHERE `id` = 10) `provincia`
FROM `localidades`')
 4 SYSTEMPATH\Database\BaseBuilder.php(1616): CodeIgniter\Database\BaseConnection->query('SELECT *, (SELECT * FROM `provincias` WHERE `id` = 10) `provincia`
FROM `localidades`', [], false)
 5 APPPATH\Views\pages\tienda.php(7): CodeIgniter\Database\BaseBuilder->get()
 6 SYSTEMPATH\View\View.php(213): include('C:\\xampp\\htdocs\\proyecto_munoz_leandro\\app\\Views\\pages\\tienda.php')
 7 SYSTEMPATH\View\View.php(216): CodeIgniter\View\View->CodeIgniter\View\{closure}()
 8 SYSTEMPATH\Common.php(1184): CodeIgniter\View\View->render('pages/tienda', [], true)
 9 APPPATH\Controllers\Home.php(28): view('pages/tienda')
10 SYSTEMPATH\CodeIgniter.php(934): App\Controllers\Home->tienda()
11 SYSTEMPATH\CodeIgniter.php(499): CodeIgniter\CodeIgniter->runController(Object(App\Controllers\Home))
12 SYSTEMPATH\CodeIgniter.php(368): CodeIgniter\CodeIgniter->handleRequest(null, Object(Config\Cache), false)
13 FCPATH\index.php(67): CodeIgniter\CodeIgniter->run()
CRITICAL - 2023-05-16 17:23:14 --> Undefined property: stdClass::$provincia
in APPPATH\Views\pages\tienda.php on line 24.
 1 APPPATH\Views\pages\tienda.php(24): CodeIgniter\Debug\Exceptions->errorHandler(2, 'Undefined property: stdClass::$provincia', 'C:\\xampp\\htdocs\\proyecto_munoz_leandro\\app\\Views\\pages\\tienda.php', 24)
 2 SYSTEMPATH\View\View.php(213): include('C:\\xampp\\htdocs\\proyecto_munoz_leandro\\app\\Views\\pages\\tienda.php')
 3 SYSTEMPATH\View\View.php(216): CodeIgniter\View\View->CodeIgniter\View\{closure}()
 4 SYSTEMPATH\Common.php(1184): CodeIgniter\View\View->render('pages/tienda', [], true)
 5 APPPATH\Controllers\Home.php(28): view('pages/tienda')
 6 SYSTEMPATH\CodeIgniter.php(934): App\Controllers\Home->tienda()
 7 SYSTEMPATH\CodeIgniter.php(499): CodeIgniter\CodeIgniter->runController(Object(App\Controllers\Home))
 8 SYSTEMPATH\CodeIgniter.php(368): CodeIgniter\CodeIgniter->handleRequest(null, Object(Config\Cache), false)
 9 FCPATH\index.php(67): CodeIgniter\CodeIgniter->run()
CRITICAL - 2023-05-16 18:50:45 --> Undefined array key "id_prov"
in APPPATH\Views\templates\navbar.php on line 299.
 1 APPPATH\Views\templates\navbar.php(299): CodeIgniter\Debug\Exceptions->errorHandler(2, 'Undefined array key "id_prov"', 'C:\\xampp\\htdocs\\proyecto_munoz_leandro\\app\\Views\\templates\\navbar.php', 299)
 2 SYSTEMPATH\View\View.php(213): include('C:\\xampp\\htdocs\\proyecto_munoz_leandro\\app\\Views\\templates\\navbar.php')
 3 SYSTEMPATH\View\View.php(216): CodeIgniter\View\View->CodeIgniter\View\{closure}()
 4 SYSTEMPATH\Common.php(1184): CodeIgniter\View\View->render('templates/navbar', [], true)
 5 APPPATH\Controllers\Home.php(15): view('templates/navbar', [...])
 6 SYSTEMPATH\CodeIgniter.php(934): App\Controllers\Home->index()
 7 SYSTEMPATH\CodeIgniter.php(499): CodeIgniter\CodeIgniter->runController(Object(App\Controllers\Home))
 8 SYSTEMPATH\CodeIgniter.php(368): CodeIgniter\CodeIgniter->handleRequest(null, Object(Config\Cache), false)
 9 FCPATH\index.php(67): CodeIgniter\CodeIgniter->run()
CRITICAL - 2023-05-16 18:51:55 --> Undefined array key "id_prov"
in APPPATH\Views\templates\navbar.php on line 299.
 1 APPPATH\Views\templates\navbar.php(299): CodeIgniter\Debug\Exceptions->errorHandler(2, 'Undefined array key "id_prov"', 'C:\\xampp\\htdocs\\proyecto_munoz_leandro\\app\\Views\\templates\\navbar.php', 299)
 2 SYSTEMPATH\View\View.php(213): include('C:\\xampp\\htdocs\\proyecto_munoz_leandro\\app\\Views\\templates\\navbar.php')
 3 SYSTEMPATH\View\View.php(216): CodeIgniter\View\View->CodeIgniter\View\{closure}()
 4 SYSTEMPATH\Common.php(1184): CodeIgniter\View\View->render('templates/navbar', [], true)
 5 APPPATH\Controllers\Home.php(15): view('templates/navbar', [...])
 6 SYSTEMPATH\CodeIgniter.php(934): App\Controllers\Home->index()
 7 SYSTEMPATH\CodeIgniter.php(499): CodeIgniter\CodeIgniter->runController(Object(App\Controllers\Home))
 8 SYSTEMPATH\CodeIgniter.php(368): CodeIgniter\CodeIgniter->handleRequest(null, Object(Config\Cache), false)
 9 FCPATH\index.php(67): CodeIgniter\CodeIgniter->run()
CRITICAL - 2023-05-16 18:53:02 --> Undefined array key "idProv"
in APPPATH\Views\templates\navbar.php on line 299.
 1 APPPATH\Views\templates\navbar.php(299): CodeIgniter\Debug\Exceptions->errorHandler(2, 'Undefined array key "idProv"', 'C:\\xampp\\htdocs\\proyecto_munoz_leandro\\app\\Views\\templates\\navbar.php', 299)
 2 SYSTEMPATH\View\View.php(213): include('C:\\xampp\\htdocs\\proyecto_munoz_leandro\\app\\Views\\templates\\navbar.php')
 3 SYSTEMPATH\View\View.php(216): CodeIgniter\View\View->CodeIgniter\View\{closure}()
 4 SYSTEMPATH\Common.php(1184): CodeIgniter\View\View->render('templates/navbar', [], true)
 5 APPPATH\Controllers\Home.php(15): view('templates/navbar', [...])
 6 SYSTEMPATH\CodeIgniter.php(934): App\Controllers\Home->index()
 7 SYSTEMPATH\CodeIgniter.php(499): CodeIgniter\CodeIgniter->runController(Object(App\Controllers\Home))
 8 SYSTEMPATH\CodeIgniter.php(368): CodeIgniter\CodeIgniter->handleRequest(null, Object(Config\Cache), false)
 9 FCPATH\index.php(67): CodeIgniter\CodeIgniter->run()
CRITICAL - 2023-05-16 18:54:17 --> Undefined array key "idProv"
in APPPATH\Views\templates\navbar.php on line 299.
 1 APPPATH\Views\templates\navbar.php(299): CodeIgniter\Debug\Exceptions->errorHandler(2, 'Undefined array key "idProv"', 'C:\\xampp\\htdocs\\proyecto_munoz_leandro\\app\\Views\\templates\\navbar.php', 299)
 2 SYSTEMPATH\View\View.php(213): include('C:\\xampp\\htdocs\\proyecto_munoz_leandro\\app\\Views\\templates\\navbar.php')
 3 SYSTEMPATH\View\View.php(216): CodeIgniter\View\View->CodeIgniter\View\{closure}()
 4 SYSTEMPATH\Common.php(1184): CodeIgniter\View\View->render('templates/navbar', [], true)
 5 APPPATH\Controllers\Home.php(15): view('templates/navbar', [...])
 6 SYSTEMPATH\CodeIgniter.php(934): App\Controllers\Home->index()
 7 SYSTEMPATH\CodeIgniter.php(499): CodeIgniter\CodeIgniter->runController(Object(App\Controllers\Home))
 8 SYSTEMPATH\CodeIgniter.php(368): CodeIgniter\CodeIgniter->handleRequest(null, Object(Config\Cache), false)
 9 FCPATH\index.php(67): CodeIgniter\CodeIgniter->run()
CRITICAL - 2023-05-16 18:54:22 --> Undefined variable $id_prov
in APPPATH\Views\templates\navbar.php on line 304.
 1 APPPATH\Views\templates\navbar.php(304): CodeIgniter\Debug\Exceptions->errorHandler(2, 'Undefined variable $id_prov', 'C:\\xampp\\htdocs\\proyecto_munoz_leandro\\app\\Views\\templates\\navbar.php', 304)
 2 SYSTEMPATH\View\View.php(213): include('C:\\xampp\\htdocs\\proyecto_munoz_leandro\\app\\Views\\templates\\navbar.php')
 3 SYSTEMPATH\View\View.php(216): CodeIgniter\View\View->CodeIgniter\View\{closure}()
 4 SYSTEMPATH\Common.php(1184): CodeIgniter\View\View->render('templates/navbar', [], true)
 5 APPPATH\Controllers\Home.php(15): view('templates/navbar', [...])
 6 SYSTEMPATH\CodeIgniter.php(934): App\Controllers\Home->index()
 7 SYSTEMPATH\CodeIgniter.php(499): CodeIgniter\CodeIgniter->runController(Object(App\Controllers\Home))
 8 SYSTEMPATH\CodeIgniter.php(368): CodeIgniter\CodeIgniter->handleRequest(null, Object(Config\Cache), false)
 9 FCPATH\index.php(67): CodeIgniter\CodeIgniter->run()
CRITICAL - 2023-05-16 18:56:26 --> Undefined array key "idProv"
in APPPATH\Views\templates\navbar.php on line 300.
 1 APPPATH\Views\templates\navbar.php(300): CodeIgniter\Debug\Exceptions->errorHandler(2, 'Undefined array key "idProv"', 'C:\\xampp\\htdocs\\proyecto_munoz_leandro\\app\\Views\\templates\\navbar.php', 300)
 2 SYSTEMPATH\View\View.php(213): include('C:\\xampp\\htdocs\\proyecto_munoz_leandro\\app\\Views\\templates\\navbar.php')
 3 SYSTEMPATH\View\View.php(216): CodeIgniter\View\View->CodeIgniter\View\{closure}()
 4 SYSTEMPATH\Common.php(1184): CodeIgniter\View\View->render('templates/navbar', [], true)
 5 APPPATH\Controllers\Home.php(15): view('templates/navbar', [...])
 6 SYSTEMPATH\CodeIgniter.php(934): App\Controllers\Home->index()
 7 SYSTEMPATH\CodeIgniter.php(499): CodeIgniter\CodeIgniter->runController(Object(App\Controllers\Home))
 8 SYSTEMPATH\CodeIgniter.php(368): CodeIgniter\CodeIgniter->handleRequest(null, Object(Config\Cache), false)
 9 FCPATH\index.php(67): CodeIgniter\CodeIgniter->run()
CRITICAL - 2023-05-16 18:56:48 --> Undefined array key "idProv"
in APPPATH\Views\templates\navbar.php on line 300.
 1 APPPATH\Views\templates\navbar.php(300): CodeIgniter\Debug\Exceptions->errorHandler(2, 'Undefined array key "idProv"', 'C:\\xampp\\htdocs\\proyecto_munoz_leandro\\app\\Views\\templates\\navbar.php', 300)
 2 SYSTEMPATH\View\View.php(213): include('C:\\xampp\\htdocs\\proyecto_munoz_leandro\\app\\Views\\templates\\navbar.php')
 3 SYSTEMPATH\View\View.php(216): CodeIgniter\View\View->CodeIgniter\View\{closure}()
 4 SYSTEMPATH\Common.php(1184): CodeIgniter\View\View->render('templates/navbar', [], true)
 5 APPPATH\Controllers\Home.php(15): view('templates/navbar', [...])
 6 SYSTEMPATH\CodeIgniter.php(934): App\Controllers\Home->index()
 7 SYSTEMPATH\CodeIgniter.php(499): CodeIgniter\CodeIgniter->runController(Object(App\Controllers\Home))
 8 SYSTEMPATH\CodeIgniter.php(368): CodeIgniter\CodeIgniter->handleRequest(null, Object(Config\Cache), false)
 9 FCPATH\index.php(67): CodeIgniter\CodeIgniter->run()
CRITICAL - 2023-05-16 18:57:07 --> Undefined array key "idProv"
in APPPATH\Views\templates\navbar.php on line 300.
 1 APPPATH\Views\templates\navbar.php(300): CodeIgniter\Debug\Exceptions->errorHandler(2, 'Undefined array key "idProv"', 'C:\\xampp\\htdocs\\proyecto_munoz_leandro\\app\\Views\\templates\\navbar.php', 300)
 2 SYSTEMPATH\View\View.php(213): include('C:\\xampp\\htdocs\\proyecto_munoz_leandro\\app\\Views\\templates\\navbar.php')
 3 SYSTEMPATH\View\View.php(216): CodeIgniter\View\View->CodeIgniter\View\{closure}()
 4 SYSTEMPATH\Common.php(1184): CodeIgniter\View\View->render('templates/navbar', [], true)
 5 APPPATH\Controllers\Home.php(15): view('templates/navbar', [...])
 6 SYSTEMPATH\CodeIgniter.php(934): App\Controllers\Home->index()
 7 SYSTEMPATH\CodeIgniter.php(499): CodeIgniter\CodeIgniter->runController(Object(App\Controllers\Home))
 8 SYSTEMPATH\CodeIgniter.php(368): CodeIgniter\CodeIgniter->handleRequest(null, Object(Config\Cache), false)
 9 FCPATH\index.php(67): CodeIgniter\CodeIgniter->run()
CRITICAL - 2023-05-16 18:59:35 --> Undefined array key "idProv"
in APPPATH\Views\templates\navbar.php on line 298.
 1 APPPATH\Views\templates\navbar.php(298): CodeIgniter\Debug\Exceptions->errorHandler(2, 'Undefined array key "idProv"', 'C:\\xampp\\htdocs\\proyecto_munoz_leandro\\app\\Views\\templates\\navbar.php', 298)
 2 SYSTEMPATH\View\View.php(213): include('C:\\xampp\\htdocs\\proyecto_munoz_leandro\\app\\Views\\templates\\navbar.php')
 3 SYSTEMPATH\View\View.php(216): CodeIgniter\View\View->CodeIgniter\View\{closure}()
 4 SYSTEMPATH\Common.php(1184): CodeIgniter\View\View->render('templates/navbar', [], true)
 5 APPPATH\Controllers\Home.php(15): view('templates/navbar', [...])
 6 SYSTEMPATH\CodeIgniter.php(934): App\Controllers\Home->index()
 7 SYSTEMPATH\CodeIgniter.php(499): CodeIgniter\CodeIgniter->runController(Object(App\Controllers\Home))
 8 SYSTEMPATH\CodeIgniter.php(368): CodeIgniter\CodeIgniter->handleRequest(null, Object(Config\Cache), false)
 9 FCPATH\index.php(67): CodeIgniter\CodeIgniter->run()
CRITICAL - 2023-05-16 18:59:57 --> Undefined array key "idProv"
in APPPATH\Views\templates\navbar.php on line 298.
 1 APPPATH\Views\templates\navbar.php(298): CodeIgniter\Debug\Exceptions->errorHandler(2, 'Undefined array key "idProv"', 'C:\\xampp\\htdocs\\proyecto_munoz_leandro\\app\\Views\\templates\\navbar.php', 298)
 2 SYSTEMPATH\View\View.php(213): include('C:\\xampp\\htdocs\\proyecto_munoz_leandro\\app\\Views\\templates\\navbar.php')
 3 SYSTEMPATH\View\View.php(216): CodeIgniter\View\View->CodeIgniter\View\{closure}()
 4 SYSTEMPATH\Common.php(1184): CodeIgniter\View\View->render('templates/navbar', [], true)
 5 APPPATH\Controllers\Home.php(15): view('templates/navbar', [...])
 6 SYSTEMPATH\CodeIgniter.php(934): App\Controllers\Home->index()
 7 SYSTEMPATH\CodeIgniter.php(499): CodeIgniter\CodeIgniter->runController(Object(App\Controllers\Home))
 8 SYSTEMPATH\CodeIgniter.php(368): CodeIgniter\CodeIgniter->handleRequest(null, Object(Config\Cache), false)
 9 FCPATH\index.php(67): CodeIgniter\CodeIgniter->run()
CRITICAL - 2023-05-16 18:59:59 --> Undefined array key "idProv"
in APPPATH\Views\templates\navbar.php on line 298.
 1 APPPATH\Views\templates\navbar.php(298): CodeIgniter\Debug\Exceptions->errorHandler(2, 'Undefined array key "idProv"', 'C:\\xampp\\htdocs\\proyecto_munoz_leandro\\app\\Views\\templates\\navbar.php', 298)
 2 SYSTEMPATH\View\View.php(213): include('C:\\xampp\\htdocs\\proyecto_munoz_leandro\\app\\Views\\templates\\navbar.php')
 3 SYSTEMPATH\View\View.php(216): CodeIgniter\View\View->CodeIgniter\View\{closure}()
 4 SYSTEMPATH\Common.php(1184): CodeIgniter\View\View->render('templates/navbar', [], true)
 5 APPPATH\Controllers\Home.php(15): view('templates/navbar', [...])
 6 SYSTEMPATH\CodeIgniter.php(934): App\Controllers\Home->index()
 7 SYSTEMPATH\CodeIgniter.php(499): CodeIgniter\CodeIgniter->runController(Object(App\Controllers\Home))
 8 SYSTEMPATH\CodeIgniter.php(368): CodeIgniter\CodeIgniter->handleRequest(null, Object(Config\Cache), false)
 9 FCPATH\index.php(67): CodeIgniter\CodeIgniter->run()
CRITICAL - 2023-05-16 19:03:13 --> Undefined property: mysqli::$id
in APPPATH\Views\templates\navbar.php on line 313.
 1 APPPATH\Views\templates\navbar.php(313): CodeIgniter\Debug\Exceptions->errorHandler(2, 'Undefined property: mysqli::$id', 'C:\\xampp\\htdocs\\proyecto_munoz_leandro\\app\\Views\\templates\\navbar.php', 313)
 2 SYSTEMPATH\View\View.php(213): include('C:\\xampp\\htdocs\\proyecto_munoz_leandro\\app\\Views\\templates\\navbar.php')
 3 SYSTEMPATH\View\View.php(216): CodeIgniter\View\View->CodeIgniter\View\{closure}()
 4 SYSTEMPATH\Common.php(1184): CodeIgniter\View\View->render('templates/navbar', [], true)
 5 APPPATH\Controllers\Home.php(15): view('templates/navbar', [...])
 6 SYSTEMPATH\CodeIgniter.php(934): App\Controllers\Home->index()
 7 SYSTEMPATH\CodeIgniter.php(499): CodeIgniter\CodeIgniter->runController(Object(App\Controllers\Home))
 8 SYSTEMPATH\CodeIgniter.php(368): CodeIgniter\CodeIgniter->handleRequest(null, Object(Config\Cache), false)
 9 FCPATH\index.php(67): CodeIgniter\CodeIgniter->run()
CRITICAL - 2023-05-16 19:03:35 --> Cannot use object of type mysqli as array
in APPPATH\Views\templates\navbar.php on line 313.
 1 SYSTEMPATH\View\View.php(213): include()
 2 SYSTEMPATH\View\View.php(216): CodeIgniter\View\View->CodeIgniter\View\{closure}()
 3 SYSTEMPATH\Common.php(1184): CodeIgniter\View\View->render('templates/navbar', [], true)
 4 APPPATH\Controllers\Home.php(15): view('templates/navbar', [...])
 5 SYSTEMPATH\CodeIgniter.php(934): App\Controllers\Home->index()
 6 SYSTEMPATH\CodeIgniter.php(499): CodeIgniter\CodeIgniter->runController(Object(App\Controllers\Home))
 7 SYSTEMPATH\CodeIgniter.php(368): CodeIgniter\CodeIgniter->handleRequest(null, Object(Config\Cache), false)
 8 FCPATH\index.php(67): CodeIgniter\CodeIgniter->run()
CRITICAL - 2023-05-16 19:04:02 --> Undefined property: mysqli::$id
in APPPATH\Views\templates\navbar.php on line 313.
 1 APPPATH\Views\templates\navbar.php(313): CodeIgniter\Debug\Exceptions->errorHandler(2, 'Undefined property: mysqli::$id', 'C:\\xampp\\htdocs\\proyecto_munoz_leandro\\app\\Views\\templates\\navbar.php', 313)
 2 SYSTEMPATH\View\View.php(213): include('C:\\xampp\\htdocs\\proyecto_munoz_leandro\\app\\Views\\templates\\navbar.php')
 3 SYSTEMPATH\View\View.php(216): CodeIgniter\View\View->CodeIgniter\View\{closure}()
 4 SYSTEMPATH\Common.php(1184): CodeIgniter\View\View->render('templates/navbar', [], true)
 5 APPPATH\Controllers\Home.php(15): view('templates/navbar', [...])
 6 SYSTEMPATH\CodeIgniter.php(934): App\Controllers\Home->index()
 7 SYSTEMPATH\CodeIgniter.php(499): CodeIgniter\CodeIgniter->runController(Object(App\Controllers\Home))
 8 SYSTEMPATH\CodeIgniter.php(368): CodeIgniter\CodeIgniter->handleRequest(null, Object(Config\Cache), false)
 9 FCPATH\index.php(67): CodeIgniter\CodeIgniter->run()
CRITICAL - 2023-05-16 19:04:41 --> Object of class mysqli could not be converted to string
in APPPATH\Views\templates\navbar.php on line 313.
 1 SYSTEMPATH\View\View.php(213): include()
 2 SYSTEMPATH\View\View.php(216): CodeIgniter\View\View->CodeIgniter\View\{closure}()
 3 SYSTEMPATH\Common.php(1184): CodeIgniter\View\View->render('templates/navbar', [], true)
 4 APPPATH\Controllers\Home.php(15): view('templates/navbar', [...])
 5 SYSTEMPATH\CodeIgniter.php(934): App\Controllers\Home->index()
 6 SYSTEMPATH\CodeIgniter.php(499): CodeIgniter\CodeIgniter->runController(Object(App\Controllers\Home))
 7 SYSTEMPATH\CodeIgniter.php(368): CodeIgniter\CodeIgniter->handleRequest(null, Object(Config\Cache), false)
 8 FCPATH\index.php(67): CodeIgniter\CodeIgniter->run()
CRITICAL - 2023-05-16 19:09:17 --> Undefined property: stdClass::$provincia
in APPPATH\Views\templates\navbar.php on line 300.
 1 APPPATH\Views\templates\navbar.php(300): CodeIgniter\Debug\Exceptions->errorHandler(2, 'Undefined property: stdClass::$provincia', 'C:\\xampp\\htdocs\\proyecto_munoz_leandro\\app\\Views\\templates\\navbar.php', 300)
 2 SYSTEMPATH\View\View.php(213): include('C:\\xampp\\htdocs\\proyecto_munoz_leandro\\app\\Views\\templates\\navbar.php')
 3 SYSTEMPATH\View\View.php(216): CodeIgniter\View\View->CodeIgniter\View\{closure}()
 4 SYSTEMPATH\Common.php(1184): CodeIgniter\View\View->render('templates/navbar', [], true)
 5 APPPATH\Controllers\Home.php(15): view('templates/navbar', [...])
 6 SYSTEMPATH\CodeIgniter.php(934): App\Controllers\Home->index()
 7 SYSTEMPATH\CodeIgniter.php(499): CodeIgniter\CodeIgniter->runController(Object(App\Controllers\Home))
 8 SYSTEMPATH\CodeIgniter.php(368): CodeIgniter\CodeIgniter->handleRequest(null, Object(Config\Cache), false)
 9 FCPATH\index.php(67): CodeIgniter\CodeIgniter->run()
