CRITICAL - 2023-06-13 00:41:19 --> date_default_timezone_set(): Timezone ID 'UTC-3' is invalid
in SYSTEMPATH\CodeIgniter.php on line 197.
 1 [internal function]: CodeIgniter\Debug\Exceptions->errorHandler(8, 'date_default_timezone_set(): Timezone ID \'UTC-3\' is invalid', 'C:\\xampp\\htdocs\\proyecto_munoz_leandro\\system\\CodeIgniter.php', 197)
 2 SYSTEMPATH\CodeIgniter.php(197): date_default_timezone_set('UTC-3')
 3 FCPATH\index.php(55): CodeIgniter\CodeIgniter->initialize()
CRITICAL - 2023-06-13 00:15:51 --> require_once(): http:// wrapper is disabled in the server configuration by allow_url_include=0
in APPPATH\Controllers\AdminController.php on line 12.
 1 APPPATH\Controllers\AdminController.php(12): CodeIgniter\Debug\Exceptions->errorHandler(2, 'require_once(): http:// wrapper is disabled in the server configuration by allow_url_include=0', 'C:\\xampp\\htdocs\\proyecto_munoz_leandro\\app\\Controllers\\AdminController.php', 12)
 2 APPPATH\Controllers\AdminController.php(12): require_once()
 3 SYSTEMPATH\Autoloader\Autoloader.php(312): include_once('C:\\xampp\\htdocs\\proyecto_munoz_leandro\\app\\Controllers\\AdminController.php')
 4 SYSTEMPATH\Autoloader\Autoloader.php(289): CodeIgniter\Autoloader\Autoloader->includeFile('C:\\xampp\\htdocs\\proyecto_munoz_leandro\\app\\Controllers\\AdminController.php')
 5 SYSTEMPATH\Autoloader\Autoloader.php(267): CodeIgniter\Autoloader\Autoloader->loadInNamespace('App\\Controllers\\AdminController')
 6 [internal function]: CodeIgniter\Autoloader\Autoloader->loadClass('App\\Controllers\\AdminController')
 7 SYSTEMPATH\CodeIgniter.php(892): class_exists('\\App\\Controllers\\AdminController', true)
 8 SYSTEMPATH\CodeIgniter.php(486): CodeIgniter\CodeIgniter->startController()
 9 SYSTEMPATH\CodeIgniter.php(368): CodeIgniter\CodeIgniter->handleRequest(null, Object(Config\Cache), false)
10 FCPATH\index.php(67): CodeIgniter\CodeIgniter->run()
CRITICAL - 2023-06-13 00:24:58 --> require_once(dompdf\autoload.inc.php): Failed to open stream: No such file or directory
in APPPATH\Controllers\AdminController.php on line 12.
 1 APPPATH\Controllers\AdminController.php(12): CodeIgniter\Debug\Exceptions->errorHandler(2, 'require_once(dompdf\\autoload.inc.php): Failed to open stream: No such file or directory', 'C:\\xampp\\htdocs\\proyecto_munoz_leandro\\app\\Controllers\\AdminController.php', 12)
 2 APPPATH\Controllers\AdminController.php(12): require_once()
 3 SYSTEMPATH\Autoloader\Autoloader.php(312): include_once('C:\\xampp\\htdocs\\proyecto_munoz_leandro\\app\\Controllers\\AdminController.php')
 4 SYSTEMPATH\Autoloader\Autoloader.php(289): CodeIgniter\Autoloader\Autoloader->includeFile('C:\\xampp\\htdocs\\proyecto_munoz_leandro\\app\\Controllers\\AdminController.php')
 5 SYSTEMPATH\Autoloader\Autoloader.php(267): CodeIgniter\Autoloader\Autoloader->loadInNamespace('App\\Controllers\\AdminController')
 6 [internal function]: CodeIgniter\Autoloader\Autoloader->loadClass('App\\Controllers\\AdminController')
 7 SYSTEMPATH\CodeIgniter.php(892): class_exists('\\App\\Controllers\\AdminController', true)
 8 SYSTEMPATH\CodeIgniter.php(486): CodeIgniter\CodeIgniter->startController()
 9 SYSTEMPATH\CodeIgniter.php(368): CodeIgniter\CodeIgniter->handleRequest(null, Object(Config\Cache), false)
10 FCPATH\index.php(67): CodeIgniter\CodeIgniter->run()
CRITICAL - 2023-06-13 00:25:12 --> require_once(): http:// wrapper is disabled in the server configuration by allow_url_include=0
in APPPATH\Controllers\AdminController.php on line 12.
 1 APPPATH\Controllers\AdminController.php(12): CodeIgniter\Debug\Exceptions->errorHandler(2, 'require_once(): http:// wrapper is disabled in the server configuration by allow_url_include=0', 'C:\\xampp\\htdocs\\proyecto_munoz_leandro\\app\\Controllers\\AdminController.php', 12)
 2 APPPATH\Controllers\AdminController.php(12): require_once()
 3 SYSTEMPATH\Autoloader\Autoloader.php(312): include_once('C:\\xampp\\htdocs\\proyecto_munoz_leandro\\app\\Controllers\\AdminController.php')
 4 SYSTEMPATH\Autoloader\Autoloader.php(289): CodeIgniter\Autoloader\Autoloader->includeFile('C:\\xampp\\htdocs\\proyecto_munoz_leandro\\app\\Controllers\\AdminController.php')
 5 SYSTEMPATH\Autoloader\Autoloader.php(267): CodeIgniter\Autoloader\Autoloader->loadInNamespace('App\\Controllers\\AdminController')
 6 [internal function]: CodeIgniter\Autoloader\Autoloader->loadClass('App\\Controllers\\AdminController')
 7 SYSTEMPATH\CodeIgniter.php(892): class_exists('\\App\\Controllers\\AdminController', true)
 8 SYSTEMPATH\CodeIgniter.php(486): CodeIgniter\CodeIgniter->startController()
 9 SYSTEMPATH\CodeIgniter.php(368): CodeIgniter\CodeIgniter->handleRequest(null, Object(Config\Cache), false)
10 FCPATH\index.php(67): CodeIgniter\CodeIgniter->run()
CRITICAL - 2023-06-13 00:25:23 --> require_once(dompdf\autoload.inc.php): Failed to open stream: No such file or directory
in APPPATH\Controllers\AdminController.php on line 12.
 1 APPPATH\Controllers\AdminController.php(12): CodeIgniter\Debug\Exceptions->errorHandler(2, 'require_once(dompdf\\autoload.inc.php): Failed to open stream: No such file or directory', 'C:\\xampp\\htdocs\\proyecto_munoz_leandro\\app\\Controllers\\AdminController.php', 12)
 2 APPPATH\Controllers\AdminController.php(12): require_once()
 3 SYSTEMPATH\Autoloader\Autoloader.php(312): include_once('C:\\xampp\\htdocs\\proyecto_munoz_leandro\\app\\Controllers\\AdminController.php')
 4 SYSTEMPATH\Autoloader\Autoloader.php(289): CodeIgniter\Autoloader\Autoloader->includeFile('C:\\xampp\\htdocs\\proyecto_munoz_leandro\\app\\Controllers\\AdminController.php')
 5 SYSTEMPATH\Autoloader\Autoloader.php(267): CodeIgniter\Autoloader\Autoloader->loadInNamespace('App\\Controllers\\AdminController')
 6 [internal function]: CodeIgniter\Autoloader\Autoloader->loadClass('App\\Controllers\\AdminController')
 7 SYSTEMPATH\CodeIgniter.php(892): class_exists('\\App\\Controllers\\AdminController', true)
 8 SYSTEMPATH\CodeIgniter.php(486): CodeIgniter\CodeIgniter->startController()
 9 SYSTEMPATH\CodeIgniter.php(368): CodeIgniter\CodeIgniter->handleRequest(null, Object(Config\Cache), false)
10 FCPATH\index.php(67): CodeIgniter\CodeIgniter->run()
ERROR - 2023-06-13 00:54:11 --> mysqli_sql_exception: Table 'bd_munoz_leandro.provincia' doesn't exist in C:\xampp\htdocs\proyecto_munoz_leandro\system\Database\MySQLi\Connection.php:295
Stack trace:
#0 C:\xampp\htdocs\proyecto_munoz_leandro\system\Database\MySQLi\Connection.php(295): mysqli->query('SELECT *\nFROM `...', 0)
#1 C:\xampp\htdocs\proyecto_munoz_leandro\system\Database\BaseConnection.php(691): CodeIgniter\Database\MySQLi\Connection->execute('SELECT *\nFROM `...')
#2 C:\xampp\htdocs\proyecto_munoz_leandro\system\Database\BaseConnection.php(605): CodeIgniter\Database\BaseConnection->simpleQuery('SELECT *\nFROM `...')
#3 C:\xampp\htdocs\proyecto_munoz_leandro\system\Database\BaseBuilder.php(1616): CodeIgniter\Database\BaseConnection->query('SELECT *\nFROM `...', Array, false)
#4 C:\xampp\htdocs\proyecto_munoz_leandro\system\Model.php(200): CodeIgniter\Database\BaseBuilder->get()
#5 C:\xampp\htdocs\proyecto_munoz_leandro\system\BaseModel.php(557): CodeIgniter\Model->doFind(true, '2')
#6 C:\xampp\htdocs\proyecto_munoz_leandro\app\Controllers\UserController.php(169): CodeIgniter\BaseModel->find('2')
#7 C:\xampp\htdocs\proyecto_munoz_leandro\system\CodeIgniter.php(934): App\Controllers\UserController->perfil()
#8 C:\xampp\htdocs\proyecto_munoz_leandro\system\CodeIgniter.php(499): CodeIgniter\CodeIgniter->runController(Object(App\Controllers\UserController))
#9 C:\xampp\htdocs\proyecto_munoz_leandro\system\CodeIgniter.php(368): CodeIgniter\CodeIgniter->handleRequest(NULL, Object(Config\Cache), false)
#10 C:\xampp\htdocs\proyecto_munoz_leandro\index.php(67): CodeIgniter\CodeIgniter->run()
#11 {main}
CRITICAL - 2023-06-13 00:54:11 --> Table 'bd_munoz_leandro.provincia' doesn't exist
in SYSTEMPATH\Database\MySQLi\Connection.php on line 295.
 1 SYSTEMPATH\Database\MySQLi\Connection.php(295): mysqli->query('SELECT *
FROM `usuarios`
JOIN `provincia` ON `provincia_id` = `id_provincia`
JOIN `localidad` ON `localidad_id` = `id_localidad`
WHERE `usuarios`.`id_usuario` = \'2\'', 0)
 2 SYSTEMPATH\Database\BaseConnection.php(691): CodeIgniter\Database\MySQLi\Connection->execute('SELECT *
FROM `usuarios`
JOIN `provincia` ON `provincia_id` = `id_provincia`
JOIN `localidad` ON `localidad_id` = `id_localidad`
WHERE `usuarios`.`id_usuario` = \'2\'')
 3 SYSTEMPATH\Database\BaseConnection.php(605): CodeIgniter\Database\BaseConnection->simpleQuery('SELECT *
FROM `usuarios`
JOIN `provincia` ON `provincia_id` = `id_provincia`
JOIN `localidad` ON `localidad_id` = `id_localidad`
WHERE `usuarios`.`id_usuario` = \'2\'')
 4 SYSTEMPATH\Database\BaseBuilder.php(1616): CodeIgniter\Database\BaseConnection->query('SELECT *
FROM `usuarios`
JOIN `provincia` ON `provincia_id` = `id_provincia`
JOIN `localidad` ON `localidad_id` = `id_localidad`
WHERE `usuarios`.`id_usuario` = :usuarios.id_usuario:', [...], false)
 5 SYSTEMPATH\Model.php(200): CodeIgniter\Database\BaseBuilder->get()
 6 SYSTEMPATH\BaseModel.php(557): CodeIgniter\Model->doFind(true, '2')
 7 APPPATH\Controllers\UserController.php(169): CodeIgniter\BaseModel->find('2')
 8 SYSTEMPATH\CodeIgniter.php(934): App\Controllers\UserController->perfil()
 9 SYSTEMPATH\CodeIgniter.php(499): CodeIgniter\CodeIgniter->runController(Object(App\Controllers\UserController))
10 SYSTEMPATH\CodeIgniter.php(368): CodeIgniter\CodeIgniter->handleRequest(null, Object(Config\Cache), false)
11 FCPATH\index.php(67): CodeIgniter\CodeIgniter->run()
CRITICAL - 2023-06-13 01:07:19 --> Undefined array key "usuario"
in APPPATH\Views\pages\usuario\perfil.php on line 51.
 1 APPPATH\Views\pages\usuario\perfil.php(51): CodeIgniter\Debug\Exceptions->errorHandler(2, 'Undefined array key "usuario"', 'C:\\xampp\\htdocs\\proyecto_munoz_leandro\\app\\Views\\pages\\usuario\\perfil.php', 51)
 2 SYSTEMPATH\View\View.php(213): include('C:\\xampp\\htdocs\\proyecto_munoz_leandro\\app\\Views\\pages\\usuario\\perfil.php')
 3 SYSTEMPATH\View\View.php(216): CodeIgniter\View\View->CodeIgniter\View\{closure}()
 4 SYSTEMPATH\Common.php(1184): CodeIgniter\View\View->render('pages/usuario/perfil', [], true)
 5 APPPATH\Controllers\UserController.php(197): view('pages/usuario/perfil')
 6 SYSTEMPATH\CodeIgniter.php(934): App\Controllers\UserController->perfil()
 7 SYSTEMPATH\CodeIgniter.php(499): CodeIgniter\CodeIgniter->runController(Object(App\Controllers\UserController))
 8 SYSTEMPATH\CodeIgniter.php(368): CodeIgniter\CodeIgniter->handleRequest(null, Object(Config\Cache), false)
 9 FCPATH\index.php(67): CodeIgniter\CodeIgniter->run()
CRITICAL - 2023-06-13 01:11:42 --> Undefined variable $clasificaciones
in APPPATH\Views\templates\navbar2.php on line 24.
 1 APPPATH\Views\templates\navbar2.php(24): CodeIgniter\Debug\Exceptions->errorHandler(2, 'Undefined variable $clasificaciones', 'C:\\xampp\\htdocs\\proyecto_munoz_leandro\\app\\Views\\templates\\navbar2.php', 24)
 2 SYSTEMPATH\View\View.php(213): include('C:\\xampp\\htdocs\\proyecto_munoz_leandro\\app\\Views\\templates\\navbar2.php')
 3 SYSTEMPATH\View\View.php(216): CodeIgniter\View\View->CodeIgniter\View\{closure}()
 4 SYSTEMPATH\Common.php(1184): CodeIgniter\View\View->render('templates/navbar2', [], true)
 5 APPPATH\Controllers\AdminController.php(342): view('templates/navbar2')
 6 SYSTEMPATH\CodeIgniter.php(934): App\Controllers\AdminController->ver_detalle('1')
 7 SYSTEMPATH\CodeIgniter.php(499): CodeIgniter\CodeIgniter->runController(Object(App\Controllers\AdminController))
 8 SYSTEMPATH\CodeIgniter.php(368): CodeIgniter\CodeIgniter->handleRequest(null, Object(Config\Cache), false)
 9 FCPATH\index.php(67): CodeIgniter\CodeIgniter->run()
CRITICAL - 2023-06-13 01:15:00 --> Undefined variable $clasificaciones
in APPPATH\Views\templates\navbar2.php on line 24.
 1 APPPATH\Views\templates\navbar2.php(24): CodeIgniter\Debug\Exceptions->errorHandler(2, 'Undefined variable $clasificaciones', 'C:\\xampp\\htdocs\\proyecto_munoz_leandro\\app\\Views\\templates\\navbar2.php', 24)
 2 SYSTEMPATH\View\View.php(213): include('C:\\xampp\\htdocs\\proyecto_munoz_leandro\\app\\Views\\templates\\navbar2.php')
 3 SYSTEMPATH\View\View.php(216): CodeIgniter\View\View->CodeIgniter\View\{closure}()
 4 SYSTEMPATH\Common.php(1184): CodeIgniter\View\View->render('templates/navbar2', [], true)
 5 APPPATH\Controllers\UserController.php(223): view('templates/navbar2')
 6 SYSTEMPATH\CodeIgniter.php(934): App\Controllers\UserController->ver_detalle_compra('1')
 7 SYSTEMPATH\CodeIgniter.php(499): CodeIgniter\CodeIgniter->runController(Object(App\Controllers\UserController))
 8 SYSTEMPATH\CodeIgniter.php(368): CodeIgniter\CodeIgniter->handleRequest(null, Object(Config\Cache), false)
 9 FCPATH\index.php(67): CodeIgniter\CodeIgniter->run()
CRITICAL - 2023-06-13 01:15:31 --> Invalid file: "pages/usuario/ver_detalle.php"
in SYSTEMPATH\Exceptions\FrameworkException.php on line 33.
 1 SYSTEMPATH\View\View.php(201): CodeIgniter\Exceptions\FrameworkException::forInvalidFile('pages/usuario/ver_detalle.php')
 2 SYSTEMPATH\Common.php(1184): CodeIgniter\View\View->render('pages/usuario/ver_detalle', [], true)
 3 APPPATH\Controllers\UserController.php(229): view('pages/usuario/ver_detalle')
 4 SYSTEMPATH\CodeIgniter.php(934): App\Controllers\UserController->ver_detalle_compra('1')
 5 SYSTEMPATH\CodeIgniter.php(499): CodeIgniter\CodeIgniter->runController(Object(App\Controllers\UserController))
 6 SYSTEMPATH\CodeIgniter.php(368): CodeIgniter\CodeIgniter->handleRequest(null, Object(Config\Cache), false)
 7 FCPATH\index.php(67): CodeIgniter\CodeIgniter->run()
CRITICAL - 2023-06-13 01:15:32 --> Invalid file: "pages/usuario/ver_detalle.php"
in SYSTEMPATH\Exceptions\FrameworkException.php on line 33.
 1 SYSTEMPATH\View\View.php(201): CodeIgniter\Exceptions\FrameworkException::forInvalidFile('pages/usuario/ver_detalle.php')
 2 SYSTEMPATH\Common.php(1184): CodeIgniter\View\View->render('pages/usuario/ver_detalle', [], true)
 3 APPPATH\Controllers\UserController.php(229): view('pages/usuario/ver_detalle')
 4 SYSTEMPATH\CodeIgniter.php(934): App\Controllers\UserController->ver_detalle_compra('1')
 5 SYSTEMPATH\CodeIgniter.php(499): CodeIgniter\CodeIgniter->runController(Object(App\Controllers\UserController))
 6 SYSTEMPATH\CodeIgniter.php(368): CodeIgniter\CodeIgniter->handleRequest(null, Object(Config\Cache), false)
 7 FCPATH\index.php(67): CodeIgniter\CodeIgniter->run()
CRITICAL - 2023-06-13 19:04:40 --> Undefined array key 0
in APPPATH\Controllers\TiendaController.php on line 90.
 1 APPPATH\Controllers\TiendaController.php(90): CodeIgniter\Debug\Exceptions->errorHandler(2, 'Undefined array key 0', 'C:\\xampp\\htdocs\\proyecto_munoz_leandro\\app\\Controllers\\TiendaController.php', 90)
 2 SYSTEMPATH\CodeIgniter.php(934): App\Controllers\TiendaController->clasificar([])
 3 SYSTEMPATH\CodeIgniter.php(499): CodeIgniter\CodeIgniter->runController(Object(App\Controllers\TiendaController))
 4 SYSTEMPATH\CodeIgniter.php(368): CodeIgniter\CodeIgniter->handleRequest(null, Object(Config\Cache), false)
 5 FCPATH\index.php(67): CodeIgniter\CodeIgniter->run()
CRITICAL - 2023-06-13 19:04:48 --> Undefined array key 0
in APPPATH\Controllers\TiendaController.php on line 90.
 1 APPPATH\Controllers\TiendaController.php(90): CodeIgniter\Debug\Exceptions->errorHandler(2, 'Undefined array key 0', 'C:\\xampp\\htdocs\\proyecto_munoz_leandro\\app\\Controllers\\TiendaController.php', 90)
 2 SYSTEMPATH\CodeIgniter.php(934): App\Controllers\TiendaController->clasificar([])
 3 SYSTEMPATH\CodeIgniter.php(499): CodeIgniter\CodeIgniter->runController(Object(App\Controllers\TiendaController))
 4 SYSTEMPATH\CodeIgniter.php(368): CodeIgniter\CodeIgniter->handleRequest(null, Object(Config\Cache), false)
 5 FCPATH\index.php(67): CodeIgniter\CodeIgniter->run()
CRITICAL - 2023-06-13 19:05:25 --> Undefined array key 0
in APPPATH\Controllers\TiendaController.php on line 90.
 1 APPPATH\Controllers\TiendaController.php(90): CodeIgniter\Debug\Exceptions->errorHandler(2, 'Undefined array key 0', 'C:\\xampp\\htdocs\\proyecto_munoz_leandro\\app\\Controllers\\TiendaController.php', 90)
 2 SYSTEMPATH\CodeIgniter.php(934): App\Controllers\TiendaController->clasificar([])
 3 SYSTEMPATH\CodeIgniter.php(499): CodeIgniter\CodeIgniter->runController(Object(App\Controllers\TiendaController))
 4 SYSTEMPATH\CodeIgniter.php(368): CodeIgniter\CodeIgniter->handleRequest(null, Object(Config\Cache), false)
 5 FCPATH\index.php(67): CodeIgniter\CodeIgniter->run()
CRITICAL - 2023-06-13 19:07:04 --> Undefined array key "nombre"
in APPPATH\Views\templates\navbar3.php on line 6.
 1 APPPATH\Views\templates\navbar3.php(6): CodeIgniter\Debug\Exceptions->errorHandler(2, 'Undefined array key "nombre"', 'C:\\xampp\\htdocs\\proyecto_munoz_leandro\\app\\Views\\templates\\navbar3.php', 6)
 2 SYSTEMPATH\View\View.php(213): include('C:\\xampp\\htdocs\\proyecto_munoz_leandro\\app\\Views\\templates\\navbar3.php')
 3 SYSTEMPATH\View\View.php(216): CodeIgniter\View\View->CodeIgniter\View\{closure}()
 4 SYSTEMPATH\Common.php(1184): CodeIgniter\View\View->render('templates/navbar3', [], true)
 5 APPPATH\Controllers\Home.php(104): view('templates/navbar3')
 6 SYSTEMPATH\CodeIgniter.php(934): App\Controllers\Home->terminos_y_usos()
 7 SYSTEMPATH\CodeIgniter.php(499): CodeIgniter\CodeIgniter->runController(Object(App\Controllers\Home))
 8 SYSTEMPATH\CodeIgniter.php(368): CodeIgniter\CodeIgniter->handleRequest(null, Object(Config\Cache), false)
 9 FCPATH\index.php(67): CodeIgniter\CodeIgniter->run()
