CRITICAL - 2023-06-21 17:08:44 --> Undefined array key 0
in APPPATH\Controllers\TiendaController.php on line 90.
 1 APPPATH\Controllers\TiendaController.php(90): CodeIgniter\Debug\Exceptions->errorHandler(2, 'Undefined array key 0', 'C:\\xampp\\htdocs\\proyecto_munoz_leandro\\app\\Controllers\\TiendaController.php', 90)
 2 SYSTEMPATH\CodeIgniter.php(934): App\Controllers\TiendaController->clasificar([])
 3 SYSTEMPATH\CodeIgniter.php(499): CodeIgniter\CodeIgniter->runController(Object(App\Controllers\TiendaController))
 4 SYSTEMPATH\CodeIgniter.php(368): CodeIgniter\CodeIgniter->handleRequest(null, Object(Config\Cache), false)
 5 FCPATH\index.php(67): CodeIgniter\CodeIgniter->run()
CRITICAL - 2023-06-21 17:17:25 --> Undefined array key 0
in APPPATH\Controllers\TiendaController.php on line 90.
 1 APPPATH\Controllers\TiendaController.php(90): CodeIgniter\Debug\Exceptions->errorHandler(2, 'Undefined array key 0', 'C:\\xampp\\htdocs\\proyecto_munoz_leandro\\app\\Controllers\\TiendaController.php', 90)
 2 SYSTEMPATH\CodeIgniter.php(934): App\Controllers\TiendaController->clasificar([])
 3 SYSTEMPATH\CodeIgniter.php(499): CodeIgniter\CodeIgniter->runController(Object(App\Controllers\TiendaController))
 4 SYSTEMPATH\CodeIgniter.php(368): CodeIgniter\CodeIgniter->handleRequest(null, Object(Config\Cache), false)
 5 FCPATH\index.php(67): CodeIgniter\CodeIgniter->run()
CRITICAL - 2023-06-21 17:17:47 --> Too few arguments to function CodeIgniter\Database\BaseBuilder::join(), 1 passed in C:\xampp\htdocs\proyecto_munoz_leandro\system\Model.php on line 840 and at least 2 expected
in SYSTEMPATH\Database\BaseBuilder.php on line 617.
 1 SYSTEMPATH\Model.php(840): CodeIgniter\Database\BaseBuilder->join('clasif_id=id_clasificacion')
 2 APPPATH\Controllers\CarritoController.php(123): CodeIgniter\Model->__call('join', [...])
 3 SYSTEMPATH\CodeIgniter.php(934): App\Controllers\CarritoController->vaciar_carrito('Notebooks')
 4 SYSTEMPATH\CodeIgniter.php(499): CodeIgniter\CodeIgniter->runController(Object(App\Controllers\CarritoController))
 5 SYSTEMPATH\CodeIgniter.php(368): CodeIgniter\CodeIgniter->handleRequest(null, Object(Config\Cache), false)
 6 FCPATH\index.php(67): CodeIgniter\CodeIgniter->run()
CRITICAL - 2023-06-21 17:19:06 --> Undefined array key 0
in APPPATH\Controllers\TiendaController.php on line 90.
 1 APPPATH\Controllers\TiendaController.php(90): CodeIgniter\Debug\Exceptions->errorHandler(2, 'Undefined array key 0', 'C:\\xampp\\htdocs\\proyecto_munoz_leandro\\app\\Controllers\\TiendaController.php', 90)
 2 SYSTEMPATH\CodeIgniter.php(934): App\Controllers\TiendaController->clasificar([])
 3 SYSTEMPATH\CodeIgniter.php(499): CodeIgniter\CodeIgniter->runController(Object(App\Controllers\TiendaController))
 4 SYSTEMPATH\CodeIgniter.php(368): CodeIgniter\CodeIgniter->handleRequest(null, Object(Config\Cache), false)
 5 FCPATH\index.php(67): CodeIgniter\CodeIgniter->run()
